<?xml version="1.0" encoding="UTF-8"?>
<!-- Generated by org.testng.reporters.JUnitReportReporter -->
<testsuite hostname="qwaevisz-mac.local" name="hu.qwaevisz.school.ejbservice.facade.MarkFacadeImplTest" tests="1" failures="0" timestamp="24 Oct 2015 11:30:24 GMT" time="0.281" errors="0">
  <testcase name="createListOfMarkDetailsFromSubjectName" time="0.281" classname="hu.qwaevisz.school.ejbservice.facade.MarkFacadeImplTest"/>
</testsuite> <!-- hu.qwaevisz.school.ejbservice.facade.MarkFacadeImplTest -->
